<?xml version="1.0" encoding="UTF-8"?>
<!-- Generated by org.testng.reporters.JUnitReportReporter -->
<testsuite hostname="TMKVM-HEXEMP81" failures="0" tests="3" name="groupACCI.GrpAcciAPITest" time="393.719" errors="0" timestamp="2022-09-08T16:56:56 IST" skipped="0">
  <testcase classname="groupACCI.GrpAcciAPITest" name="postRequest" time="391.972"/>
  <system-out/>
  <testcase classname="groupACCI.GrpAcciAPITest" name="compareRates" time="0.555"/>
  <system-out/>
  <testcase classname="groupACCI.GrpAcciAPITest" name="reports" time="1.192"/>
  <system-out/>
</testsuite> <!-- groupACCI.GrpAcciAPITest -->
